1725254333025 0 0 0
1725254346559 0.91171999827294 -0.0007531232976371038 0.01751430196959647
1725254361725 1.7031613825226188 0.012669564335753503 0.02668938985339797
1725254376824 2.431952702608141 0.05798527194919906 0.05474538937917872
1725254393522 3.474209553572202 0.11957024382035786 0.0569437583849457
1725254405602 3.4510633100831294 0.24500939588223103 0.3748964009887146
1725254419343 3.968630863832372 0.474395279744889 0.39109155544084007
1725254434950 3.645180293722565 0.7017769493400703 1.2376018227349574
1725254450700 3.9480447380767827 1.5769714052133839 1.220271284890615
1725254465826 4.230134485617963 2.254814963979154 1.2178630294503616
1725254477872 4.228276702227935 2.2611778054975975 2.0609894406299154
1725254502242 3.4241260609962016 2.822578181114856 2.388558666490829
1725254520257 2.882437568213526 2.4768867697267214 -3.071077402564666
1725254534185 2.665913244867766 2.4121369902039214 -3.0695555253482536
1725254550961 1.670885611974084 2.3582261860571156 -3.0370068110888764
1725254567752 0.5209711083103254 2.2425330561983836 -3.0637336723918533
1725254586562 -0.016128175513617782 2.1446341019889563 -3.0726470277268834
1725254606244 -1.1537403363171914 2.5982078616074853 2.8560994610209955
1725254625022 -2.549271689134781 2.9707729808219514 2.8668327306904335
1725254649424 -3.819134374433647 3.1788343002264368 -3.0711841907892548
1725254668413 -5.285103979394683 3.0214880573274456 -3.016743135283296
1725254688854 -6.682156566665616 2.8364592758425893 -3.0567356894034305
1725254709311 -8.011279421635194 2.7118578679173777 -3.065800273552956
1725254728551 -8.109278711655508 2.1008014278803606 -2.209478521095887
1725254747803 -7.145550926146396 1.6022630000589366 -0.6256758169965062
1725254765515 -5.8193307266549885 0.8682813080778621 -0.6140898514892115
1725254783241 -5.08193348070722 0.1443697196320527 -0.6068660983735699
1725254801964 -4.265897320034339 0.4015177913240864 0.03606499446882139
1725254819665 -3.2358310457467714 0.4733718393280746 0.04362519449941282
1725254836462 -1.9260357849674952 0.4961096732584716 0.012123982870265615
1725254856122 -0.5024588322158104 0.5132590693124686 0.00739154518705798
